# JRE version: OpenJDK Runtime Environment Temurin-21.0.2+13 (21.0.2+13) (build 21.0.2+13-LTS)
# Java VM: OpenJDK 64-Bit Server VM Temurin-21.0.2+13 (21.0.2+13-LTS, mixed mode, sharing, tiered, compressed oops, compressed class ptrs, g1 gc, windows-amd64)
GC Precious Log:
 CardTable entry size: 512
 Card Set container configuration: InlinePtr #cards 4 size 8 Array Of Cards #cards 16 size 48 Howl #buckets 8 coarsen threshold 3686 Howl Bitmap #cards 512 size 80 coarsen threshold 460 Card regions per heap region 1 cards per card region 4096
 CPUs: 8 total, 8 available
 Memory: 14274M
 Large Page Support: Disabled
 NUMA Support: Disabled
 Compressed Oops: Enabled (Zero based)
 Heap Region Size: 2M
 Heap Min Capacity: 8M
 Heap Initial Capacity: 224M
 Heap Max Capacity: 3570M
 Pre-touch: Disabled
 Parallel Workers: 8
 Concurrent Workers: 2
 Concurrent Refinement Workers: 8
 Periodic GC: Disabled
Heap:
 garbage-first heap   total 77824K, used 50823K [0x0000000720e00000, 0x0000000800000000)
  region size 2048K, 14 young (28672K), 3 survivors (6144K)
 Metaspace       used 33855K, committed 34432K, reserved 1114112K
  class space    used 3821K, committed 4096K, reserved 1048576K
GC Heap History (14 events):
Event: 1.993 GC heap before
{Heap before GC invocations=0 (full 0):
 garbage-first heap   total 229376K, used 22528K [0x0000000720e00000, 0x0000000800000000)
  region size 2048K, 11 young (22528K), 0 survivors (0K)
 Metaspace       used 5726K, committed 5952K, reserved 1114112K
  class space    used 657K, committed 768K, reserved 1048576K
}
Event: 2.005 GC heap after
{Heap after GC invocations=1 (full 0):
 garbage-first heap   total 229376K, used 4108K [0x0000000720e00000, 0x0000000800000000)
  region size 2048K, 2 young (4096K), 2 survivors (4096K)
 Metaspace       used 5726K, committed 5952K, reserved 1114112K
  class space    used 657K, committed 768K, reserved 1048576K
}
Event: 4.161 GC heap before
{Heap before GC invocations=1 (full 0):
 garbage-first heap   total 229376K, used 34828K [0x0000000720e00000, 0x0000000800000000)
  region size 2048K, 17 young (34816K), 2 survivors (4096K)
 Metaspace       used 10175K, committed 10304K, reserved 1114112K
  class space    used 1204K, committed 1280K, reserved 1048576K
}
Event: 4.168 GC heap after
{Heap after GC invocations=2 (full 0):
 garbage-first heap   total 229376K, used 5599K [0x0000000720e00000, 0x0000000800000000)
  region size 2048K, 1 young (2048K), 1 survivors (2048K)
 Metaspace       used 10175K, committed 10304K, reserved 1114112K
  class space    used 1204K, committed 1280K, reserved 1048576K
}
Event: 12.539 GC heap before
{Heap before GC invocations=2 (full 0):
 garbage-first heap   total 229376K, used 103903K [0x0000000720e00000, 0x0000000800000000)
  region size 2048K, 51 young (104448K), 1 survivors (2048K)
 Metaspace       used 21194K, committed 21504K, reserved 1114112K
  class space    used 2444K, committed 2624K, reserved 1048576K
}
Event: 12.553 GC heap after
{Heap after GC invocations=3 (full 0):
 garbage-first heap   total 229376K, used 13722K [0x0000000720e00000, 0x0000000800000000)
  region size 2048K, 5 young (10240K), 5 survivors (10240K)
 Metaspace       used 21194K, committed 21504K, reserved 1114112K
  class space    used 2444K, committed 2624K, reserved 1048576K
}
Event: 14.928 GC heap before
{Heap before GC invocations=4 (full 0):
 garbage-first heap   total 55296K, used 54682K [0x0000000720e00000, 0x0000000800000000)
  region size 2048K, 25 young (51200K), 5 survivors (10240K)
 Metaspace       used 26256K, committed 26560K, reserved 1114112K
  class space    used 2985K, committed 3136K, reserved 1048576K
}
Event: 14.965 GC heap after
{Heap after GC invocations=5 (full 0):
 garbage-first heap   total 77824K, used 24243K [0x0000000720e00000, 0x0000000800000000)
  region size 2048K, 9 young (18432K), 9 survivors (18432K)
 Metaspace       used 26256K, committed 26560K, reserved 1114112K
  class space    used 2985K, committed 3136K, reserved 1048576K
}
Event: 17.106 GC heap before
{Heap before GC invocations=5 (full 0):
 garbage-first heap   total 77824K, used 50867K [0x0000000720e00000, 0x0000000800000000)
  region size 2048K, 22 young (45056K), 9 survivors (18432K)
 Metaspace       used 27822K, committed 28160K, reserved 1114112K
  class space    used 3166K, committed 3328K, reserved 1048576K
}
Event: 17.137 GC heap after
{Heap after GC invocations=6 (full 0):
 garbage-first heap   total 77824K, used 26624K [0x0000000720e00000, 0x0000000800000000)
  region size 2048K, 1 young (2048K), 1 survivors (2048K)
 Metaspace       used 27822K, committed 28160K, reserved 1114112K
  class space    used 3166K, committed 3328K, reserved 1048576K
}
Event: 19.388 GC heap before
{Heap before GC invocations=6 (full 0):
 garbage-first heap   total 77824K, used 59392K [0x0000000720e00000, 0x0000000800000000)
  region size 2048K, 18 young (36864K), 1 survivors (2048K)
 Metaspace       used 30471K, committed 30976K, reserved 1114112K
  class space    used 3479K, committed 3712K, reserved 1048576K
}
Event: 19.400 GC heap after
{Heap after GC invocations=7 (full 0):
 garbage-first heap   total 77824K, used 28303K [0x0000000720e00000, 0x0000000800000000)
  region size 2048K, 2 young (4096K), 2 survivors (4096K)
 Metaspace       used 30471K, committed 30976K, reserved 1114112K
  class space    used 3479K, committed 3712K, reserved 1048576K
}
Event: 21.735 GC heap before
{Heap before GC invocations=7 (full 0):
 garbage-first heap   total 77824K, used 61071K [0x0000000720e00000, 0x0000000800000000)
  region size 2048K, 19 young (38912K), 2 survivors (4096K)
 Metaspace       used 32144K, committed 32704K, reserved 1114112K
  class space    used 3631K, committed 3904K, reserved 1048576K
}
Event: 21.750 GC heap after
{Heap after GC invocations=8 (full 0):
 garbage-first heap   total 77824K, used 30343K [0x0000000720e00000, 0x0000000800000000)
  region size 2048K, 3 young (6144K), 3 survivors (6144K)
 Metaspace       used 32144K, committed 32704K, reserved 1114112K
  class space    used 3631K, committed 3904K, reserved 1048576K
}

