# JRE version: OpenJDK Runtime Environment Temurin-21.0.2+13 (21.0.2+13) (build 21.0.2+13-LTS)
# Java VM: OpenJDK 64-Bit Server VM Temurin-21.0.2+13 (21.0.2+13-LTS, mixed mode, sharing, tiered, compressed oops, compressed class ptrs, g1 gc, windows-amd64)
GC Precious Log:
 CardTable entry size: 512
 Card Set container configuration: InlinePtr #cards 4 size 8 Array Of Cards #cards 16 size 48 Howl #buckets 8 coarsen threshold 3686 Howl Bitmap #cards 512 size 80 coarsen threshold 460 Card regions per heap region 1 cards per card region 4096
 CPUs: 8 total, 8 available
 Memory: 14274M
 Large Page Support: Disabled
 NUMA Support: Disabled
 Compressed Oops: Enabled (Zero based)
 Heap Region Size: 2M
 Heap Min Capacity: 8M
 Heap Initial Capacity: 224M
 Heap Max Capacity: 3570M
 Pre-touch: Disabled
 Parallel Workers: 8
 Concurrent Workers: 2
 Concurrent Refinement Workers: 8
 Periodic GC: Disabled
Heap:
 garbage-first heap   total 77824K, used 50525K [0x0000000720e00000, 0x0000000800000000)
  region size 2048K, 13 young (26624K), 3 survivors (6144K)
 Metaspace       used 35300K, committed 35904K, reserved 1114112K
  class space    used 3984K, committed 4288K, reserved 1048576K
GC Heap History (16 events):
Event: 2.068 GC heap before
{Heap before GC invocations=0 (full 0):
 garbage-first heap   total 229376K, used 22528K [0x0000000720e00000, 0x0000000800000000)
  region size 2048K, 11 young (22528K), 0 survivors (0K)
 Metaspace       used 5723K, committed 5952K, reserved 1114112K
  class space    used 657K, committed 768K, reserved 1048576K
}
Event: 2.091 GC heap after
{Heap after GC invocations=1 (full 0):
 garbage-first heap   total 229376K, used 3788K [0x0000000720e00000, 0x0000000800000000)
  region size 2048K, 2 young (4096K), 2 survivors (4096K)
 Metaspace       used 5723K, committed 5952K, reserved 1114112K
  class space    used 657K, committed 768K, reserved 1048576K
}
Event: 4.590 GC heap before
{Heap before GC invocations=1 (full 0):
 garbage-first heap   total 229376K, used 36556K [0x0000000720e00000, 0x0000000800000000)
  region size 2048K, 18 young (36864K), 2 survivors (4096K)
 Metaspace       used 10585K, committed 10752K, reserved 1114112K
  class space    used 1259K, committed 1344K, reserved 1048576K
}
Event: 4.598 GC heap after
{Heap after GC invocations=2 (full 0):
 garbage-first heap   total 229376K, used 5907K [0x0000000720e00000, 0x0000000800000000)
  region size 2048K, 2 young (4096K), 2 survivors (4096K)
 Metaspace       used 10585K, committed 10752K, reserved 1114112K
  class space    used 1259K, committed 1344K, reserved 1048576K
}
Event: 12.196 GC heap before
{Heap before GC invocations=2 (full 0):
 garbage-first heap   total 229376K, used 98067K [0x0000000720e00000, 0x0000000800000000)
  region size 2048K, 49 young (100352K), 2 survivors (4096K)
 Metaspace       used 21227K, committed 21504K, reserved 1114112K
  class space    used 2470K, committed 2624K, reserved 1048576K
}
Event: 12.211 GC heap after
{Heap after GC invocations=3 (full 0):
 garbage-first heap   total 229376K, used 13967K [0x0000000720e00000, 0x0000000800000000)
  region size 2048K, 5 young (10240K), 5 survivors (10240K)
 Metaspace       used 21227K, committed 21504K, reserved 1114112K
  class space    used 2470K, committed 2624K, reserved 1048576K
}
Event: 16.338 GC heap before
{Heap before GC invocations=4 (full 0):
 garbage-first heap   total 61440K, used 61071K [0x0000000720e00000, 0x0000000800000000)
  region size 2048K, 28 young (57344K), 5 survivors (10240K)
 Metaspace       used 28236K, committed 28544K, reserved 1114112K
  class space    used 3236K, committed 3392K, reserved 1048576K
}
Event: 16.365 GC heap after
{Heap after GC invocations=5 (full 0):
 garbage-first heap   total 77824K, used 18343K [0x0000000720e00000, 0x0000000800000000)
  region size 2048K, 7 young (14336K), 7 survivors (14336K)
 Metaspace       used 28236K, committed 28544K, reserved 1114112K
  class space    used 3236K, committed 3392K, reserved 1048576K
}
Event: 18.818 GC heap before
{Heap before GC invocations=5 (full 0):
 garbage-first heap   total 77824K, used 49063K [0x0000000720e00000, 0x0000000800000000)
  region size 2048K, 22 young (45056K), 7 survivors (14336K)
 Metaspace       used 28571K, committed 28928K, reserved 1114112K
  class space    used 3260K, committed 3456K, reserved 1048576K
}
Event: 18.851 GC heap after
{Heap after GC invocations=6 (full 0):
 garbage-first heap   total 77824K, used 24576K [0x0000000720e00000, 0x0000000800000000)
  region size 2048K, 3 young (6144K), 3 survivors (6144K)
 Metaspace       used 28571K, committed 28928K, reserved 1114112K
  class space    used 3260K, committed 3456K, reserved 1048576K
}
Event: 21.575 GC heap before
{Heap before GC invocations=6 (full 0):
 garbage-first heap   total 77824K, used 61440K [0x0000000720e00000, 0x0000000800000000)
  region size 2048K, 21 young (43008K), 3 survivors (6144K)
 Metaspace       used 29996K, committed 30400K, reserved 1114112K
  class space    used 3411K, committed 3584K, reserved 1048576K
}
Event: 21.588 GC heap after
{Heap after GC invocations=7 (full 0):
 garbage-first heap   total 77824K, used 27870K [0x0000000720e00000, 0x0000000800000000)
  region size 2048K, 2 young (4096K), 2 survivors (4096K)
 Metaspace       used 29996K, committed 30400K, reserved 1114112K
  class space    used 3411K, committed 3584K, reserved 1048576K
}
Event: 25.605 GC heap before
{Heap before GC invocations=7 (full 0):
 garbage-first heap   total 77824K, used 62686K [0x0000000720e00000, 0x0000000800000000)
  region size 2048K, 19 young (38912K), 2 survivors (4096K)
 Metaspace       used 31964K, committed 32512K, reserved 1114112K
  class space    used 3644K, committed 3904K, reserved 1048576K
}
Event: 25.625 GC heap after
{Heap after GC invocations=8 (full 0):
 garbage-first heap   total 77824K, used 30697K [0x0000000720e00000, 0x0000000800000000)
  region size 2048K, 3 young (6144K), 3 survivors (6144K)
 Metaspace       used 31964K, committed 32512K, reserved 1114112K
  class space    used 3644K, committed 3904K, reserved 1048576K
}
Event: 28.092 GC heap before
{Heap before GC invocations=8 (full 0):
 garbage-first heap   total 77824K, used 63465K [0x0000000720e00000, 0x0000000800000000)
  region size 2048K, 19 young (38912K), 3 survivors (6144K)
 Metaspace       used 33623K, committed 34240K, reserved 1114112K
  class space    used 3796K, committed 4096K, reserved 1048576K
}
Event: 28.109 GC heap after
{Heap after GC invocations=9 (full 0):
 garbage-first heap   total 77824K, used 32093K [0x0000000720e00000, 0x0000000800000000)
  region size 2048K, 3 young (6144K), 3 survivors (6144K)
 Metaspace       used 33623K, committed 34240K, reserved 1114112K
  class space    used 3796K, committed 4096K, reserved 1048576K
}

