# JRE version: OpenJDK Runtime Environment Temurin-21.0.2+13 (21.0.2+13) (build 21.0.2+13-LTS)
# Java VM: OpenJDK 64-Bit Server VM Temurin-21.0.2+13 (21.0.2+13-LTS, mixed mode, sharing, tiered, compressed oops, compressed class ptrs, g1 gc, windows-amd64)
GC Precious Log:
 CardTable entry size: 512
 Card Set container configuration: InlinePtr #cards 4 size 8 Array Of Cards #cards 16 size 48 Howl #buckets 8 coarsen threshold 3686 Howl Bitmap #cards 512 size 80 coarsen threshold 460 Card regions per heap region 1 cards per card region 4096
 CPUs: 8 total, 8 available
 Memory: 14274M
 Large Page Support: Disabled
 NUMA Support: Disabled
 Compressed Oops: Enabled (Zero based)
 Heap Region Size: 2M
 Heap Min Capacity: 8M
 Heap Initial Capacity: 224M
 Heap Max Capacity: 3570M
 Pre-touch: Disabled
 Parallel Workers: 8
 Concurrent Workers: 2
 Concurrent Refinement Workers: 8
 Periodic GC: Disabled
Heap:
 garbage-first heap   total 49152K, used 24800K [0x0000000720e00000, 0x0000000800000000)
  region size 2048K, 11 young (22528K), 3 survivors (6144K)
 Metaspace       used 22788K, committed 23168K, reserved 1114112K
  class space    used 2563K, committed 2752K, reserved 1048576K
GC Heap History (6 events):
Event: 2.306 GC heap before
{Heap before GC invocations=0 (full 0):
 garbage-first heap   total 229376K, used 22528K [0x0000000720e00000, 0x0000000800000000)
  region size 2048K, 11 young (22528K), 0 survivors (0K)
 Metaspace       used 6623K, committed 6720K, reserved 1114112K
  class space    used 740K, committed 768K, reserved 1048576K
}
Event: 2.342 GC heap after
{Heap after GC invocations=1 (full 0):
 garbage-first heap   total 229376K, used 5335K [0x0000000720e00000, 0x0000000800000000)
  region size 2048K, 2 young (4096K), 2 survivors (4096K)
 Metaspace       used 6623K, committed 6720K, reserved 1114112K
  class space    used 740K, committed 768K, reserved 1048576K
}
Event: 38.359 GC heap before
{Heap before GC invocations=1 (full 0):
 garbage-first heap   total 229376K, used 29911K [0x0000000720e00000, 0x0000000800000000)
  region size 2048K, 15 young (30720K), 2 survivors (4096K)
 Metaspace       used 13263K, committed 13568K, reserved 1114112K
  class space    used 1537K, committed 1664K, reserved 1048576K
}
Event: 38.367 GC heap after
{Heap after GC invocations=2 (full 0):
 garbage-first heap   total 229376K, used 7602K [0x0000000720e00000, 0x0000000800000000)
  region size 2048K, 1 young (2048K), 1 survivors (2048K)
 Metaspace       used 13263K, committed 13568K, reserved 1114112K
  class space    used 1537K, committed 1664K, reserved 1048576K
}
Event: 41.000 GC heap before
{Heap before GC invocations=2 (full 0):
 garbage-first heap   total 229376K, used 36274K [0x0000000720e00000, 0x0000000800000000)
  region size 2048K, 15 young (30720K), 1 survivors (2048K)
 Metaspace       used 21265K, committed 21504K, reserved 1114112K
  class space    used 2347K, committed 2432K, reserved 1048576K
}
Event: 41.006 GC heap after
{Heap after GC invocations=3 (full 0):
 garbage-first heap   total 229376K, used 10464K [0x0000000720e00000, 0x0000000800000000)
  region size 2048K, 3 young (6144K), 3 survivors (6144K)
 Metaspace       used 21265K, committed 21504K, reserved 1114112K
  class space    used 2347K, committed 2432K, reserved 1048576K
}

